./pd_led_pmt_analysis 21274
./pd_led_pmt_analysis 21275
./pd_led_pmt_analysis 21276
./pd_led_pmt_analysis 21277
./pd_led_pmt_analysis 21278
./pd_led_pmt_analysis 21279
./pd_led_pmt_analysis 21280
./pd_led_pmt_analysis 21281
./pd_led_pmt_analysis 21282
./pd_led_pmt_analysis 21283
./pd_led_pmt_analysis 21284
./pd_led_pmt_analysis 21285
./pd_led_pmt_analysis 21286
./pd_led_pmt_analysis 21287
./pd_led_pmt_analysis 21288
./pd_led_pmt_analysis 21289
./pd_led_pmt_analysis 21290
./pd_led_pmt_analysis 21291
./pd_led_pmt_analysis 21292
./pd_led_pmt_analysis 21293
./pd_led_pmt_analysis 21294
./pd_led_pmt_analysis 21296
./pd_led_pmt_analysis 21297
./pd_led_pmt_analysis 21299
./pd_led_pmt_analysis 21300
./pd_led_pmt_analysis 21301
./pd_led_pmt_analysis 21302
./pd_led_pmt_analysis 21303
./pd_led_pmt_analysis 21304
./pd_led_pmt_analysis 21305
./pd_led_pmt_analysis 21306
./pd_led_pmt_analysis 21307
./pd_led_pmt_analysis 21308
./pd_led_pmt_analysis 21309
./pd_led_pmt_analysis 21310
./pd_led_pmt_analysis 21311
./pd_led_pmt_analysis 21313
./pd_led_pmt_analysis 21314
./pd_led_pmt_analysis 21315
./pd_led_pmt_analysis 21316
./pd_led_pmt_analysis 21317
./pd_led_pmt_analysis 21319
./pd_led_pmt_analysis 21320
./pd_led_pmt_analysis 21321
./pd_led_pmt_analysis 21322
./pd_led_pmt_analysis 21323
./pd_led_pmt_analysis 21324
./pd_led_pmt_analysis 21325
./pd_led_pmt_analysis 21326
./pd_led_pmt_analysis 21327
./pd_led_pmt_analysis 21328
